<?xml version="1.0" encoding="UTF-8"?>
<!-- Generated by org.testng.reporters.JUnitXMLReporter -->
<testsuite ignored="1" hostname="Yunuss-MacBook-Pro.local" failures="0" tests="3" name="test" time="0.021" errors="0" timestamp="06 Jun 2019 17:49:49 GMT">
  <testcase classname="com.class03.MethodsExample" name="One" time="0.005"/>
  <testcase classname="com.class03.MethodsExample" name="Three" time="0.001"/>
  <testcase classname="com.class03.MethodsExample" name="Two" time="0.001"/>
  <testcase classname="com.class03.MethodsExample" name="Four" time="0.0">
    <ignored/>
  </testcase> <!-- Four -->
</testsuite> <!-- test -->
