<?xml version="1.0" encoding="UTF-8"?>
<!-- Generated by org.testng.reporters.JUnitXMLReporter -->
<testsuite ignored="2" hostname="Yunuss-MacBook-Pro.local" failures="0" tests="2" name="groupTest" time="0.021" errors="0" timestamp="06 Jun 2019 15:56:29 GMT">
  <testcase classname="com.class03.GroupsExample" name="Four" time="0.006"/>
  <testcase classname="com.class03.GroupsExample" name="Two" time="0.0"/>
  <testcase classname="com.class03.GroupsExample" name="one" time="0.0">
    <ignored/>
  </testcase> <!-- one -->
  <testcase classname="com.class03.GroupsExample" name="Three" time="0.0">
    <ignored/>
  </testcase> <!-- Three -->
</testsuite> <!-- groupTest -->
