<?xml version="1.0" encoding="UTF-8"?>
<!-- Generated by org.testng.reporters.JUnitXMLReporter -->
<testsuite ignored="1" hostname="Yunuss-MacBook-Pro.local" failures="0" tests="6" name="Test" time="15.39" errors="0" timestamp="08 Jun 2019 06:30:08 GMT">
  <testcase classname="Tasks.Dataprovider" name="createUser" time="1.98"/>
  <testcase classname="Tasks.Dataprovider" name="createUser" time="1.809"/>
  <testcase classname="Tasks.Dataprovider" name="verifyUser" time="0.658"/>
  <testcase classname="Tasks.Dataprovider" name="verifyUser" time="0.599"/>
  <testcase classname="Tasks.Dataprovider" name="xUpdateCountry" time="1.205"/>
  <testcase classname="Tasks.Dataprovider" name="xUpdateCountry" time="1.139"/>
  <testcase classname="Tasks.Dataprovider" name="login" time="0.0">
    <ignored/>
  </testcase> <!-- login -->
</testsuite> <!-- Test -->
