<?xml version="1.0" encoding="UTF-8"?>
<testng-results ignored="1" total="7" passed="6" failed="0" skipped="0">
  <reporter-output>
  </reporter-output>
  <suite started-at="2019-06-08T06:29:52Z" name="Suite" finished-at="2019-06-08T06:30:07Z" duration-ms="15390">
    <groups>
    </groups>
    <test started-at="2019-06-08T06:29:52Z" name="Test" finished-at="2019-06-08T06:30:07Z" duration-ms="15390">
      <class name="Tasks.Dataprovider">
        <test-method is-config="true" signature="setdriver(java.lang.String, java.lang.String, java.lang.String, java.lang.String)[pri:0, instance:Tasks.Dataprovider@609cd4d8]" started-at="2019-06-08T06:29:52Z" name="setdriver" finished-at="2019-06-08T06:29:55Z" duration-ms="2855" status="PASS">
          <params>
            <param index="0">
              <value>
                <![CDATA[chrome]]>
              </value>
            </param>
            <param index="1">
              <value>
                <![CDATA[http://secure.smartbearsoftware.com/samples/TestComplete11/WebOrders/Login.aspx?ReturnUrl=%2fsamples%2fTestComplete11%2fWebOrders%2fDefault.aspx]]>
              </value>
            </param>
            <param index="2">
              <value>
                <![CDATA[Tester]]>
              </value>
            </param>
            <param index="3">
              <value>
                <![CDATA[test]]>
              </value>
            </param>
          </params>
          <reporter-output>
          </reporter-output>
        </test-method> <!-- setdriver -->
        <test-method signature="createUser(java.lang.String, java.lang.String, java.lang.String, java.lang.String, java.lang.String, java.lang.String, java.lang.String, java.lang.String)[pri:1, instance:Tasks.Dataprovider@609cd4d8]" started-at="2019-06-08T06:29:55Z" name="createUser" data-provider="setData" finished-at="2019-06-08T06:29:57Z" duration-ms="1980" status="PASS">
          <params>
            <param index="0">
              <value>
                <![CDATA[4]]>
              </value>
            </param>
            <param index="1">
              <value>
                <![CDATA[Yunus Kazan]]>
              </value>
            </param>
            <param index="2">
              <value>
                <![CDATA[4850 marine blvd Apt:F]]>
              </value>
            </param>
            <param index="3">
              <value>
                <![CDATA[Fort Lauderdale, FL]]>
              </value>
            </param>
            <param index="4">
              <value>
                <![CDATA[Canada]]>
              </value>
            </param>
            <param index="5">
              <value>
                <![CDATA[33465]]>
              </value>
            </param>
            <param index="6">
              <value>
                <![CDATA[4353453405043589]]>
              </value>
            </param>
            <param index="7">
              <value>
                <![CDATA[03/22]]>
              </value>
            </param>
          </params>
          <reporter-output>
          </reporter-output>
        </test-method> <!-- createUser -->
        <test-method signature="createUser(java.lang.String, java.lang.String, java.lang.String, java.lang.String, java.lang.String, java.lang.String, java.lang.String, java.lang.String)[pri:1, instance:Tasks.Dataprovider@609cd4d8]" started-at="2019-06-08T06:29:57Z" name="createUser" data-provider="setData" finished-at="2019-06-08T06:29:59Z" duration-ms="1809" status="PASS">
          <params>
            <param index="0">
              <value>
                <![CDATA[2]]>
              </value>
            </param>
            <param index="1">
              <value>
                <![CDATA[John Pokemonian]]>
              </value>
            </param>
            <param index="2">
              <value>
                <![CDATA[112234 Ocean blvd Apt:F]]>
              </value>
            </param>
            <param index="3">
              <value>
                <![CDATA[Miami, FL]]>
              </value>
            </param>
            <param index="4">
              <value>
                <![CDATA[Mexico]]>
              </value>
            </param>
            <param index="5">
              <value>
                <![CDATA[33067]]>
              </value>
            </param>
            <param index="6">
              <value>
                <![CDATA[6985649203402433]]>
              </value>
            </param>
            <param index="7">
              <value>
                <![CDATA[09/23]]>
              </value>
            </param>
          </params>
          <reporter-output>
          </reporter-output>
        </test-method> <!-- createUser -->
        <test-method signature="verifyUser(java.lang.String, java.lang.String, java.lang.String, java.lang.String, java.lang.String, java.lang.String, java.lang.String, java.lang.String)[pri:2, instance:Tasks.Dataprovider@609cd4d8]" started-at="2019-06-08T06:29:59Z" name="verifyUser" data-provider="setData" finished-at="2019-06-08T06:29:59Z" depends-on-methods="Tasks.Dataprovider.createUser" duration-ms="658" status="PASS">
          <params>
            <param index="0">
              <value>
                <![CDATA[4]]>
              </value>
            </param>
            <param index="1">
              <value>
                <![CDATA[Yunus Kazan]]>
              </value>
            </param>
            <param index="2">
              <value>
                <![CDATA[4850 marine blvd Apt:F]]>
              </value>
            </param>
            <param index="3">
              <value>
                <![CDATA[Fort Lauderdale, FL]]>
              </value>
            </param>
            <param index="4">
              <value>
                <![CDATA[Canada]]>
              </value>
            </param>
            <param index="5">
              <value>
                <![CDATA[33465]]>
              </value>
            </param>
            <param index="6">
              <value>
                <![CDATA[4353453405043589]]>
              </value>
            </param>
            <param index="7">
              <value>
                <![CDATA[03/22]]>
              </value>
            </param>
          </params>
          <reporter-output>
          </reporter-output>
        </test-method> <!-- verifyUser -->
        <test-method signature="verifyUser(java.lang.String, java.lang.String, java.lang.String, java.lang.String, java.lang.String, java.lang.String, java.lang.String, java.lang.String)[pri:2, instance:Tasks.Dataprovider@609cd4d8]" started-at="2019-06-08T06:29:59Z" name="verifyUser" data-provider="setData" finished-at="2019-06-08T06:30:00Z" depends-on-methods="Tasks.Dataprovider.createUser" duration-ms="599" status="PASS">
          <params>
            <param index="0">
              <value>
                <![CDATA[2]]>
              </value>
            </param>
            <param index="1">
              <value>
                <![CDATA[John Pokemonian]]>
              </value>
            </param>
            <param index="2">
              <value>
                <![CDATA[112234 Ocean blvd Apt:F]]>
              </value>
            </param>
            <param index="3">
              <value>
                <![CDATA[Miami, FL]]>
              </value>
            </param>
            <param index="4">
              <value>
                <![CDATA[Mexico]]>
              </value>
            </param>
            <param index="5">
              <value>
                <![CDATA[33067]]>
              </value>
            </param>
            <param index="6">
              <value>
                <![CDATA[6985649203402433]]>
              </value>
            </param>
            <param index="7">
              <value>
                <![CDATA[09/23]]>
              </value>
            </param>
          </params>
          <reporter-output>
          </reporter-output>
        </test-method> <!-- verifyUser -->
        <test-method signature="xUpdateCountry(java.lang.String, java.lang.String, java.lang.String, java.lang.String, java.lang.String, java.lang.String, java.lang.String, java.lang.String)[pri:3, instance:Tasks.Dataprovider@609cd4d8]" started-at="2019-06-08T06:30:00Z" name="xUpdateCountry" data-provider="setData" finished-at="2019-06-08T06:30:01Z" depends-on-methods="Tasks.Dataprovider.verifyUser" duration-ms="1205" status="PASS">
          <params>
            <param index="0">
              <value>
                <![CDATA[4]]>
              </value>
            </param>
            <param index="1">
              <value>
                <![CDATA[Yunus Kazan]]>
              </value>
            </param>
            <param index="2">
              <value>
                <![CDATA[4850 marine blvd Apt:F]]>
              </value>
            </param>
            <param index="3">
              <value>
                <![CDATA[Fort Lauderdale, FL]]>
              </value>
            </param>
            <param index="4">
              <value>
                <![CDATA[Canada]]>
              </value>
            </param>
            <param index="5">
              <value>
                <![CDATA[33465]]>
              </value>
            </param>
            <param index="6">
              <value>
                <![CDATA[4353453405043589]]>
              </value>
            </param>
            <param index="7">
              <value>
                <![CDATA[03/22]]>
              </value>
            </param>
          </params>
          <reporter-output>
          </reporter-output>
        </test-method> <!-- xUpdateCountry -->
        <test-method signature="xUpdateCountry(java.lang.String, java.lang.String, java.lang.String, java.lang.String, java.lang.String, java.lang.String, java.lang.String, java.lang.String)[pri:3, instance:Tasks.Dataprovider@609cd4d8]" started-at="2019-06-08T06:30:01Z" name="xUpdateCountry" data-provider="setData" finished-at="2019-06-08T06:30:02Z" depends-on-methods="Tasks.Dataprovider.verifyUser" duration-ms="1139" status="PASS">
          <params>
            <param index="0">
              <value>
                <![CDATA[2]]>
              </value>
            </param>
            <param index="1">
              <value>
                <![CDATA[John Pokemonian]]>
              </value>
            </param>
            <param index="2">
              <value>
                <![CDATA[112234 Ocean blvd Apt:F]]>
              </value>
            </param>
            <param index="3">
              <value>
                <![CDATA[Miami, FL]]>
              </value>
            </param>
            <param index="4">
              <value>
                <![CDATA[Mexico]]>
              </value>
            </param>
            <param index="5">
              <value>
                <![CDATA[33067]]>
              </value>
            </param>
            <param index="6">
              <value>
                <![CDATA[6985649203402433]]>
              </value>
            </param>
            <param index="7">
              <value>
                <![CDATA[09/23]]>
              </value>
            </param>
          </params>
          <reporter-output>
          </reporter-output>
        </test-method> <!-- xUpdateCountry -->
        <test-method is-config="true" signature="tearDown()[pri:0, instance:Tasks.Dataprovider@609cd4d8]" started-at="2019-06-08T06:30:02Z" name="tearDown" finished-at="2019-06-08T06:30:07Z" duration-ms="5125" status="PASS">
          <reporter-output>
          </reporter-output>
        </test-method> <!-- tearDown -->
      </class> <!-- Tasks.Dataprovider -->
    </test> <!-- Test -->
  </suite> <!-- Suite -->
</testng-results>
