<?xml version="1.0" encoding="UTF-8"?>
<!-- Generated by org.testng.reporters.JUnitXMLReporter -->
<testsuite ignored="2" hostname="Yunuss-MacBook-Pro.local" failures="0" tests="4" name="Sprint 1" time="0.027" errors="0" timestamp="31 May 2019 20:15:09 GMT">
  <testcase classname="com.class01.BeforeAndAfterMethod" name="testMethodOne" time="0.003"/>
  <testcase classname="com.class01.BeforeAndAfterMethod" name="testMethodTwo" time="0.001"/>
  <testcase classname="com.class02.EnableAndDisable" name="second" time="0.001"/>
  <testcase classname="com.class02.EnableAndDisable" name="forth" time="0.001"/>
  <testcase classname="com.class02.EnableAndDisable" name="third" time="0.0">
    <ignored/>
  </testcase> <!-- third -->
  <testcase classname="com.class02.EnableAndDisable" name="first" time="0.0">
    <ignored/>
  </testcase> <!-- first -->
</testsuite> <!-- Sprint 1 -->
