<?xml version="1.0" encoding="UTF-8"?>
<!-- Generated by org.testng.reporters.JUnitXMLReporter -->
<testsuite ignored="0" hostname="Yunuss-MacBook-Pro.local" failures="0" tests="3" name="Sprint 2" time="48.778" errors="0" timestamp="31 May 2019 02:19:50 GMT">
  <testcase classname="groupMiamiHomeWork.TestNG" name="Calender" time="8.986"/>
  <testcase classname="groupMiamiHomeWork.TestNG" name="WebTable" time="17.416"/>
  <testcase classname="groupMiamiHomeWork.TestNG" name="methodFunction" time="21.233"/>
</testsuite> <!-- Sprint 2 -->
