<?xml version="1.0" encoding="UTF-8"?>
<!-- Generated by org.testng.reporters.JUnitXMLReporter -->
<testsuite ignored="0" hostname="Yunuss-MacBook-Pro.local" failures="0" tests="3" name="Sprint 1" time="2.514" errors="0" timestamp="31 May 2019 02:19:01 GMT">
  <testcase classname="com.class02.SmartbearsoftwareExample" name="loginScreenTitle" time="0.008"/>
  <testcase classname="com.class02.SmartbearsoftwareExample" name="login" time="0.509"/>
  <testcase classname="com.class02.SmartbearsoftwareExample" name="webOrders" time="0.024"/>
</testsuite> <!-- Sprint 1 -->
