<?xml version="1.0" encoding="UTF-8"?>
<!-- Generated by org.testng.reporters.JUnitXMLReporter -->
<testsuite ignored="0" hostname="Yunuss-MacBook-Pro.local" failures="3" tests="3" name="tourTest" time="0.03" errors="0" timestamp="06 Jun 2019 17:54:03 GMT">
  <testcase classname="com.class03.NewtoursExample" name="@AfterGroups tearDown" time="0.001">
    <failure type="java.lang.NullPointerException">
      <![CDATA[java.lang.NullPointerException
at com.class03.NewtoursExample.tearDown(NewtoursExample.java:47)
... Removed 30 stack frames]]>
    </failure>
  </testcase> <!-- @AfterGroups tearDown -->
  <testcase classname="com.class03.NewtoursExample" name="AddressInformation" time="0.007">
    <failure type="java.lang.NullPointerException">
      <![CDATA[java.lang.NullPointerException
at com.class03.NewtoursExample.AddressInformation(NewtoursExample.java:37)
... Removed 25 stack frames]]>
    </failure>
  </testcase> <!-- AddressInformation -->
  <testcase classname="com.class03.NewtoursExample" name="contactInformation" time="0.0">
    <failure type="java.lang.NullPointerException">
      <![CDATA[java.lang.NullPointerException
at com.class03.NewtoursExample.contactInformation(NewtoursExample.java:28)
... Removed 25 stack frames]]>
    </failure>
  </testcase> <!-- contactInformation -->
  <testcase classname="com.class03.NewtoursExample" name="userInformation" time="0.001">
    <failure type="java.lang.NullPointerException">
      <![CDATA[java.lang.NullPointerException
at com.class03.NewtoursExample.userInformation(NewtoursExample.java:20)
... Removed 25 stack frames]]>
    </failure>
  </testcase> <!-- userInformation -->
</testsuite> <!-- tourTest -->
