<?xml version="1.0" encoding="UTF-8"?>
<!-- Generated by org.testng.reporters.JUnitXMLReporter -->
<testsuite ignored="2" hostname="Yunuss-MacBook-Pro.local" failures="0" tests="0" name="test" time="0.003" errors="0" timestamp="06 Jun 2019 19:14:16 GMT">
  <testcase classname="com.class03.taskOne" name="personThreeLogin" time="0.0">
    <ignored/>
  </testcase> <!-- personThreeLogin -->
  <testcase classname="com.class03.taskOne" name="personFourLogin" time="0.0">
    <ignored/>
  </testcase> <!-- personFourLogin -->
</testsuite> <!-- test -->
