<?xml version="1.0" encoding="UTF-8"?>
<!-- Generated by org.testng.reporters.JUnitXMLReporter -->
<testsuite ignored="0" hostname="Yunuss-MacBook-Pro.local" failures="0" tests="6" name="BasicTest2" time="0.008" errors="0" timestamp="06 Jun 2019 15:50:13 GMT">
  <testcase classname="com.class03.BasicXMLPartOne" name="testOneFromBasic1" time="0.0"/>
  <testcase classname="com.class03.BasicXMLPartOne" name="testSecondFromBasic1" time="0.001"/>
  <testcase classname="com.class03.BasicXMLPartOne" name="testThirdFromBasic1" time="0.001"/>
  <testcase classname="com.class03.BasicXMlPartTwo" name="testOneFromBasic2" time="0.0"/>
  <testcase classname="com.class03.BasicXMlPartTwo" name="testSecondFromBasic2" time="0.001"/>
  <testcase classname="com.class03.BasicXMlPartTwo" name="testThirdFromBasic2" time="0.001"/>
</testsuite> <!-- BasicTest2 -->
